[:00000001] LAUNCH logger game.log
[:00000002] LAUNCH snlua bootstrap
[:00000003] LAUNCH snlua launcher
[:00000004] LAUNCH snlua cdummy
[:00000005] LAUNCH harbor 0 4
[:00000006] LAUNCH snlua datacenterd
[:00000007] LAUNCH snlua service_mgr
[:00000008] LAUNCH snlua gameserver
[:00000009] LAUNCH snlua mysqldb
[:00000009] success to connect to mysql server

[:0000000a] LAUNCH snlua rankinglist
[:0000000b] LAUNCH snlua simpledb
[:0000000b] table: 0x7fb1327b3b80
[:0000000b] Redis start end!
[:0000000c] LAUNCH snlua farmgate
[:0000000d] LAUNCH snlua zeroupdate
[:0000000e] LAUNCH snlua gamecache
[:0000000f] LAUNCH snlua debug_console 8000
[:0000000f] init service failed: ./lualib/skynet/socket.lua:360: Listen error
stack traceback:
	[C]: in function 'skynet.socketdriver.listen'
	./lualib/skynet/socket.lua:360: in function 'skynet.socket.listen'
	./service/debug_console.lua:120: in local 'start'
	./lualib/skynet.lua:629: in function <./lualib/skynet.lua:626>
	[C]: in function 'xpcall'
	./lualib/skynet.lua:633: in function 'skynet.pcall'
	./lualib/skynet.lua:637: in function 'skynet.init_service'
	./lualib/skynet.lua:650: in upvalue 'f'
	./lualib/skynet.lua:106: in function <./lualib/skynet.lua:105>
[:0000000f] KILL self
[:00000008] init service failed: ./lualib/skynet.lua:391: call failed
stack traceback:
	[C]: in function 'error'
	./lualib/skynet.lua:391: in upvalue 'yield_call'
	./lualib/skynet.lua:402: in function 'skynet.call'
	(...tail calls...)
	./project666/gameserver.lua:21: in local 'start'
	./lualib/skynet.lua:629: in function <./lualib/skynet.lua:626>
	[C]: in function 'xpcall'
	./lualib/skynet.lua:633: in function 'skynet.pcall'
	./lualib/skynet.lua:637: in function 'skynet.init_service'
	./lualib/skynet.lua:650: in upvalue 'f'
	./lualib/skynet.lua:106: in function <./lualib/skynet.lua:105>
[:00000008] KILL self
[:00000002] KILL self
[:00000010] 又怒我有体会`````````````````
[:00000011] 又怒我有体会`````````````````
[:00000012] 又怒我有体会`````````````````
[:00000013] 又怒我有体会`````````````````
[:00000014] 又怒我有体会`````````````````
[:00000015] 又怒我有体会`````````````````
[:00000016] 又怒我有体会`````````````````
[:00000017] 又怒我有体会`````````````````
[:00000018] 又怒我有体会`````````````````
[:00000019] 又怒我有体会`````````````````
[:0000000c] 171.111.111.248:7802 6 socket me!
[:0000000c] 171.111.111.248:7531 7 socket me!
[:00000010] 又怒我有体会`````````````````
[:00000011] 又怒我有体会`````````````````
[:00000012] 又怒我有体会`````````````````
[:00000013] 又怒我有体会`````````````````
[:00000014] 又怒我有体会`````````````````
[:00000015] 又怒我有体会`````````````````
[:00000016] 又怒我有体会`````````````````
[:00000017] 又怒我有体会`````````````````
[:00000018] 又怒我有体会`````````````````
[:00000019] 又怒我有体会`````````````````
[:00000010] 又怒我有体会`````````````````
[:00000011] 又怒我有体会`````````````````
[:00000012] 又怒我有体会`````````````````
[:00000013] 又怒我有体会`````````````````
[:00000014] 又怒我有体会`````````````````
[:00000015] 又怒我有体会`````````````````
[:00000016] 又怒我有体会`````````````````
[:00000017] 又怒我有体会`````````````````
[:00000018] 又怒我有体会`````````````````
[:00000019] 又怒我有体会`````````````````
[:00000010] 又怒我有体会`````````````````
[:00000011] 又怒我有体会`````````````````
[:00000012] 又怒我有体会`````````````````
[:00000013] 又怒我有体会`````````````````
[:00000014] 又怒我有体会`````````````````
[:00000015] 又怒我有体会`````````````````
[:00000016] 又怒我有体会`````````````````
[:00000017] 又怒我有体会`````````````````
[:00000018] 又怒我有体会`````````````````
[:00000019] 又怒我有体会`````````````````
[:00000010] 又怒我有体会`````````````````
[:00000011] 又怒我有体会`````````````````
[:00000012] 又怒我有体会`````````````````
[:00000013] 又怒我有体会`````````````````
[:00000014] 又怒我有体会`````````````````
[:00000015] 又怒我有体会`````````````````
[:00000016] 又怒我有体会`````````````````
[:00000017] 又怒我有体会`````````````````
[:00000018] 又怒我有体会`````````````````
[:00000019] 又怒我有体会`````````````````
[:00000010] 又怒我有体会`````````````````
[:00000011] 又怒我有体会`````````````````
[:00000012] 又怒我有体会`````````````````
[:00000013] 又怒我有体会`````````````````
[:00000014] 又怒我有体会`````````````````
[:00000015] 又怒我有体会`````````````````
[:00000016] 又怒我有体会`````````````````
[:00000017] 又怒我有体会`````````````````
[:00000018] 又怒我有体会`````````````````
[:00000019] 又怒我有体会`````````````````
